<?xml version="1.0" encoding="UTF-8"?>
<testsuite xmlns:xsi="http://www.w3.org/2001/XMLSchema-instance" xsi:noNamespaceSchemaLocation="https://maven.apache.org/surefire/maven-surefire-plugin/xsd/surefire-test-report.xsd" name="TestSuite" time="9.165" tests="6" errors="0" skipped="0" failures="0">
  <properties>
    <property name="sun.desktop" value="windows"/>
    <property name="awt.toolkit" value="sun.awt.windows.WToolkit"/>
    <property name="surefire.suiteXmlFiles" value=".\test.xml"/>
    <property name="java.specification.version" value="1.8"/>
    <property name="file.encoding.pkg" value="sun.io"/>
    <property name="sun.cpu.isalist" value="amd64"/>
    <property name="sun.jnu.encoding" value="Cp1252"/>
    <property name="java.class.path" value="C:\Development\SQSTest\target\test-classes;C:\Development\SQSTest\target\classes;C:\Development\JavaDevelopment\lib\org\testng\testng\6.14.3\testng-6.14.3.jar;C:\Development\JavaDevelopment\lib\com\beust\jcommander\1.72\jcommander-1.72.jar;C:\Development\JavaDevelopment\lib\org\apache-extras\beanshell\bsh\2.0b6\bsh-2.0b6.jar;C:\Development\JavaDevelopment\lib\org\apache\logging\log4j\log4j-api\2.11.1\log4j-api-2.11.1.jar;C:\Development\JavaDevelopment\lib\org\jdom\jdom\2.0.2\jdom-2.0.2.jar;C:\Development\JavaDevelopment\lib\com\aventstack\extentreports\3.1.5\extentreports-3.1.5.jar;C:\Development\JavaDevelopment\lib\org\freemarker\freemarker\2.3.23\freemarker-2.3.23.jar;C:\Development\JavaDevelopment\lib\org\mongodb\mongodb-driver\3.3.0\mongodb-driver-3.3.0.jar;C:\Development\JavaDevelopment\lib\org\mongodb\bson\3.3.0\bson-3.3.0.jar;C:\Development\JavaDevelopment\lib\org\mongodb\mongodb-driver-core\3.3.0\mongodb-driver-core-3.3.0.jar;C:\Development\JavaDevelopment\lib\org\apache\httpcomponents\httpclient\4.5.2\httpclient-4.5.2.jar;C:\Development\JavaDevelopment\lib\org\apache\httpcomponents\httpcore\4.4.4\httpcore-4.4.4.jar;C:\Development\JavaDevelopment\lib\commons-logging\commons-logging\1.2\commons-logging-1.2.jar;C:\Development\JavaDevelopment\lib\commons-codec\commons-codec\1.9\commons-codec-1.9.jar;C:\Development\JavaDevelopment\lib\org\apache\httpcomponents\httpmime\4.5.2\httpmime-4.5.2.jar;C:\Development\JavaDevelopment\lib\org\jsoup\jsoup\1.9.2\jsoup-1.9.2.jar;C:\Development\JavaDevelopment\lib\jaxen\jaxen\1.1.6\jaxen-1.1.6.jar;C:\Development\JavaDevelopment\lib\com\google\code\gson\gson\2.8.5\gson-2.8.5.jar;C:\Development\JavaDevelopment\lib\joda-time\joda-time\2.10.1\joda-time-2.10.1.jar;C:\Development\JavaDevelopment\lib\com\amazonaws\aws-java-sdk\1.11.509\aws-java-sdk-1.11.509.jar;C:\Development\JavaDevelopment\lib\com\amazonaws\aws-java-sdk-worklink\1.11.509\aws-java-sdk-worklink-1.11.509.jar;C:\Development\JavaDevelopment\lib\com\amazonaws\jmespath-java\1.11.509\jmespath-java-1.11.509.jar;C:\Development\JavaDevelopment\lib\com\amazonaws\aws-java-sdk-backup\1.11.509\aws-java-sdk-backup-1.11.509.jar;C:\Development\JavaDevelopment\lib\com\amazonaws\aws-java-sdk-docdb\1.11.509\aws-java-sdk-docdb-1.11.509.jar;C:\Development\JavaDevelopment\lib\com\amazonaws\aws-java-sdk-apigatewayv2\1.11.509\aws-java-sdk-apigatewayv2-1.11.509.jar;C:\Development\JavaDevelopment\lib\com\amazonaws\aws-java-sdk-apigatewaymanagementapi\1.11.509\aws-java-sdk-apigatewaymanagementapi-1.11.509.jar;C:\Development\JavaDevelopment\lib\com\amazonaws\aws-java-sdk-kafka\1.11.509\aws-java-sdk-kafka-1.11.509.jar;C:\Development\JavaDevelopment\lib\com\amazonaws\aws-java-sdk-appmesh\1.11.509\aws-java-sdk-appmesh-1.11.509.jar;C:\Development\JavaDevelopment\lib\com\amazonaws\aws-java-sdk-licensemanager\1.11.509\aws-java-sdk-licensemanager-1.11.509.jar;C:\Development\JavaDevelopment\lib\com\amazonaws\aws-java-sdk-securityhub\1.11.509\aws-java-sdk-securityhub-1.11.509.jar;C:\Development\JavaDevelopment\lib\com\amazonaws\aws-java-sdk-fsx\1.11.509\aws-java-sdk-fsx-1.11.509.jar;C:\Development\JavaDevelopment\lib\com\amazonaws\aws-java-sdk-mediaconnect\1.11.509\aws-java-sdk-mediaconnect-1.11.509.jar;C:\Development\JavaDevelopment\lib\com\amazonaws\aws-java-sdk-kinesisanalyticsv2\1.11.509\aws-java-sdk-kinesisanalyticsv2-1.11.509.jar;C:\Development\JavaDevelopment\lib\com\amazonaws\aws-java-sdk-comprehendmedical\1.11.509\aws-java-sdk-comprehendmedical-1.11.509.jar;C:\Development\JavaDevelopment\lib\com\amazonaws\aws-java-sdk-globalaccelerator\1.11.509\aws-java-sdk-globalaccelerator-1.11.509.jar;C:\Development\JavaDevelopment\lib\com\amazonaws\aws-java-sdk-transfer\1.11.509\aws-java-sdk-transfer-1.11.509.jar;C:\Development\JavaDevelopment\lib\com\amazonaws\aws-java-sdk-datasync\1.11.509\aws-java-sdk-datasync-1.11.509.jar;C:\Development\JavaDevelopment\lib\com\amazonaws\aws-java-sdk-robomaker\1.11.509\aws-java-sdk-robomaker-1.11.509.jar;C:\Development\JavaDevelopment\lib\com\amazonaws\aws-java-sdk-amplify\1.11.509\aws-java-sdk-amplify-1.11.509.jar;C:\Development\JavaDevelopment\lib\com\amazonaws\aws-java-sdk-quicksight\1.11.509\aws-java-sdk-quicksight-1.11.509.jar;C:\Development\JavaDevelopment\lib\com\amazonaws\aws-java-sdk-rdsdata\1.11.509\aws-java-sdk-rdsdata-1.11.509.jar;C:\Development\JavaDevelopment\lib\com\amazonaws\aws-java-sdk-route53resolver\1.11.509\aws-java-sdk-route53resolver-1.11.509.jar;C:\Development\JavaDevelopment\lib\com\amazonaws\aws-java-sdk-ram\1.11.509\aws-java-sdk-ram-1.11.509.jar;C:\Development\JavaDevelopment\lib\com\amazonaws\aws-java-sdk-s3control\1.11.509\aws-java-sdk-s3control-1.11.509.jar;C:\Development\JavaDevelopment\lib\com\amazonaws\aws-java-sdk-pinpointsmsvoice\1.11.509\aws-java-sdk-pinpointsmsvoice-1.11.509.jar;C:\Development\JavaDevelopment\lib\com\amazonaws\aws-java-sdk-pinpointemail\1.11.509\aws-java-sdk-pinpointemail-1.11.509.jar;C:\Development\JavaDevelopment\lib\com\amazonaws\aws-java-sdk-chime\1.11.509\aws-java-sdk-chime-1.11.509.jar;C:\Development\JavaDevelopment\lib\com\amazonaws\aws-java-sdk-signer\1.11.509\aws-java-sdk-signer-1.11.509.jar;C:\Development\JavaDevelopment\lib\com\amazonaws\aws-java-sdk-dlm\1.11.509\aws-java-sdk-dlm-1.11.509.jar;C:\Development\JavaDevelopment\lib\com\amazonaws\aws-java-sdk-macie\1.11.509\aws-java-sdk-macie-1.11.509.jar;C:\Development\JavaDevelopment\lib\com\amazonaws\aws-java-sdk-eks\1.11.509\aws-java-sdk-eks-1.11.509.jar;C:\Development\JavaDevelopment\lib\com\amazonaws\aws-java-sdk-mediatailor\1.11.509\aws-java-sdk-mediatailor-1.11.509.jar;C:\Development\JavaDevelopment\lib\com\amazonaws\aws-java-sdk-neptune\1.11.509\aws-java-sdk-neptune-1.11.509.jar;C:\Development\JavaDevelopment\lib\com\amazonaws\aws-java-sdk-pi\1.11.509\aws-java-sdk-pi-1.11.509.jar;C:\Development\JavaDevelopment\lib\com\amazonaws\aws-java-sdk-iot1clickprojects\1.11.509\aws-java-sdk-iot1clickprojects-1.11.509.jar;C:\Development\JavaDevelopment\lib\com\amazonaws\aws-java-sdk-iot1clickdevices\1.11.509\aws-java-sdk-iot1clickdevices-1.11.509.jar;C:\Development\JavaDevelopment\lib\com\amazonaws\aws-java-sdk-iotanalytics\1.11.509\aws-java-sdk-iotanalytics-1.11.509.jar;C:\Development\JavaDevelopment\lib\com\amazonaws\aws-java-sdk-acmpca\1.11.509\aws-java-sdk-acmpca-1.11.509.jar;C:\Development\JavaDevelopment\lib\com\amazonaws\aws-java-sdk-secretsmanager\1.11.509\aws-java-sdk-secretsmanager-1.11.509.jar;C:\Development\JavaDevelopment\lib\com\amazonaws\aws-java-sdk-fms\1.11.509\aws-java-sdk-fms-1.11.509.jar;C:\Development\JavaDevelopment\lib\com\amazonaws\aws-java-sdk-connect\1.11.509\aws-java-sdk-connect-1.11.509.jar;C:\Development\JavaDevelopment\lib\com\amazonaws\aws-java-sdk-transcribe\1.11.509\aws-java-sdk-transcribe-1.11.509.jar;C:\Development\JavaDevelopment\lib\com\amazonaws\aws-java-sdk-autoscalingplans\1.11.509\aws-java-sdk-autoscalingplans-1.11.509.jar;C:\Development\JavaDevelopment\lib\com\amazonaws\aws-java-sdk-workmail\1.11.509\aws-java-sdk-workmail-1.11.509.jar;C:\Development\JavaDevelopment\lib\com\amazonaws\aws-java-sdk-servicediscovery\1.11.509\aws-java-sdk-servicediscovery-1.11.509.jar;C:\Development\JavaDevelopment\lib\com\amazonaws\aws-java-sdk-cloud9\1.11.509\aws-java-sdk-cloud9-1.11.509.jar;C:\Development\JavaDevelopment\lib\com\amazonaws\aws-java-sdk-serverlessapplicationrepository\1.11.509\aws-java-sdk-serverlessapplicationrepository-1.11.509.jar;C:\Development\JavaDevelopment\lib\com\amazonaws\aws-java-sdk-alexaforbusiness\1.11.509\aws-java-sdk-alexaforbusiness-1.11.509.jar;C:\Development\JavaDevelopment\lib\com\amazonaws\aws-java-sdk-resourcegroups\1.11.509\aws-java-sdk-resourcegroups-1.11.509.jar;C:\Development\JavaDevelopment\lib\com\amazonaws\aws-java-sdk-comprehend\1.11.509\aws-java-sdk-comprehend-1.11.509.jar;C:\Development\JavaDevelopment\lib\com\amazonaws\aws-java-sdk-translate\1.11.509\aws-java-sdk-translate-1.11.509.jar;C:\Development\JavaDevelopment\lib\com\amazonaws\aws-java-sdk-sagemaker\1.11.509\aws-java-sdk-sagemaker-1.11.509.jar;C:\Development\JavaDevelopment\lib\com\amazonaws\aws-java-sdk-iotjobsdataplane\1.11.509\aws-java-sdk-iotjobsdataplane-1.11.509.jar;C:\Development\JavaDevelopment\lib\com\amazonaws\aws-java-sdk-sagemakerruntime\1.11.509\aws-java-sdk-sagemakerruntime-1.11.509.jar;C:\Development\JavaDevelopment\lib\com\amazonaws\aws-java-sdk-kinesisvideo\1.11.509\aws-java-sdk-kinesisvideo-1.11.509.jar;C:\Development\JavaDevelopment\lib\io\netty\netty-codec-http\4.1.17.Final\netty-codec-http-4.1.17.Final.jar;C:\Development\JavaDevelopment\lib\io\netty\netty-codec\4.1.17.Final\netty-codec-4.1.17.Final.jar;C:\Development\JavaDevelopment\lib\io\netty\netty-handler\4.1.17.Final\netty-handler-4.1.17.Final.jar;C:\Development\JavaDevelopment\lib\io\netty\netty-buffer\4.1.17.Final\netty-buffer-4.1.17.Final.jar;C:\Development\JavaDevelopment\lib\io\netty\netty-common\4.1.17.Final\netty-common-4.1.17.Final.jar;C:\Development\JavaDevelopment\lib\io\netty\netty-transport\4.1.17.Final\netty-transport-4.1.17.Final.jar;C:\Development\JavaDevelopment\lib\io\netty\netty-resolver\4.1.17.Final\netty-resolver-4.1.17.Final.jar;C:\Development\JavaDevelopment\lib\com\amazonaws\aws-java-sdk-appsync\1.11.509\aws-java-sdk-appsync-1.11.509.jar;C:\Development\JavaDevelopment\lib\com\amazonaws\aws-java-sdk-guardduty\1.11.509\aws-java-sdk-guardduty-1.11.509.jar;C:\Development\JavaDevelopment\lib\com\amazonaws\aws-java-sdk-mq\1.11.509\aws-java-sdk-mq-1.11.509.jar;C:\Development\JavaDevelopment\lib\com\amazonaws\aws-java-sdk-mediaconvert\1.11.509\aws-java-sdk-mediaconvert-1.11.509.jar;C:\Development\JavaDevelopment\lib\com\amazonaws\aws-java-sdk-mediastore\1.11.509\aws-java-sdk-mediastore-1.11.509.jar;C:\Development\JavaDevelopment\lib\com\amazonaws\aws-java-sdk-mediastoredata\1.11.509\aws-java-sdk-mediastoredata-1.11.509.jar;C:\Development\JavaDevelopment\lib\com\amazonaws\aws-java-sdk-medialive\1.11.509\aws-java-sdk-medialive-1.11.509.jar;C:\Development\JavaDevelopment\lib\com\amazonaws\aws-java-sdk-mediapackage\1.11.509\aws-java-sdk-mediapackage-1.11.509.jar;C:\Development\JavaDevelopment\lib\com\amazonaws\aws-java-sdk-costexplorer\1.11.509\aws-java-sdk-costexplorer-1.11.509.jar;C:\Development\JavaDevelopment\lib\com\amazonaws\aws-java-sdk-pricing\1.11.509\aws-java-sdk-pricing-1.11.509.jar;C:\Development\JavaDevelopment\lib\com\amazonaws\aws-java-sdk-mobile\1.11.509\aws-java-sdk-mobile-1.11.509.jar;C:\Development\JavaDevelopment\lib\com\amazonaws\aws-java-sdk-cloudhsmv2\1.11.509\aws-java-sdk-cloudhsmv2-1.11.509.jar;C:\Development\JavaDevelopment\lib\com\amazonaws\aws-java-sdk-glue\1.11.509\aws-java-sdk-glue-1.11.509.jar;C:\Development\JavaDevelopment\lib\com\amazonaws\aws-java-sdk-migrationhub\1.11.509\aws-java-sdk-migrationhub-1.11.509.jar;C:\Development\JavaDevelopment\lib\com\amazonaws\aws-java-sdk-dax\1.11.509\aws-java-sdk-dax-1.11.509.jar;C:\Development\JavaDevelopment\lib\com\amazonaws\aws-java-sdk-greengrass\1.11.509\aws-java-sdk-greengrass-1.11.509.jar;C:\Development\JavaDevelopment\lib\com\amazonaws\aws-java-sdk-athena\1.11.509\aws-java-sdk-athena-1.11.509.jar;C:\Development\JavaDevelopment\lib\com\amazonaws\aws-java-sdk-marketplaceentitlement\1.11.509\aws-java-sdk-marketplaceentitlement-1.11.509.jar;C:\Development\JavaDevelopment\lib\com\amazonaws\aws-java-sdk-codestar\1.11.509\aws-java-sdk-codestar-1.11.509.jar;C:\Development\JavaDevelopment\lib\com\amazonaws\aws-java-sdk-lexmodelbuilding\1.11.509\aws-java-sdk-lexmodelbuilding-1.11.509.jar;C:\Development\JavaDevelopment\lib\com\amazonaws\aws-java-sdk-resourcegroupstaggingapi\1.11.509\aws-java-sdk-resourcegroupstaggingapi-1.11.509.jar;C:\Development\JavaDevelopment\lib\com\amazonaws\aws-java-sdk-pinpoint\1.11.509\aws-java-sdk-pinpoint-1.11.509.jar;C:\Development\JavaDevelopment\lib\com\amazonaws\aws-java-sdk-xray\1.11.509\aws-java-sdk-xray-1.11.509.jar;C:\Development\JavaDevelopment\lib\com\amazonaws\aws-java-sdk-opsworkscm\1.11.509\aws-java-sdk-opsworkscm-1.11.509.jar;C:\Development\JavaDevelopment\lib\com\amazonaws\aws-java-sdk-support\1.11.509\aws-java-sdk-support-1.11.509.jar;C:\Development\JavaDevelopment\lib\com\amazonaws\aws-java-sdk-simpledb\1.11.509\aws-java-sdk-simpledb-1.11.509.jar;C:\Development\JavaDevelopment\lib\com\amazonaws\aws-java-sdk-servicecatalog\1.11.509\aws-java-sdk-servicecatalog-1.11.509.jar;C:\Development\JavaDevelopment\lib\com\amazonaws\aws-java-sdk-servermigration\1.11.509\aws-java-sdk-servermigration-1.11.509.jar;C:\Development\JavaDevelopment\lib\com\amazonaws\aws-java-sdk-simpleworkflow\1.11.509\aws-java-sdk-simpleworkflow-1.11.509.jar;C:\Development\JavaDevelopment\lib\com\amazonaws\aws-java-sdk-storagegateway\1.11.509\aws-java-sdk-storagegateway-1.11.509.jar;C:\Development\JavaDevelopment\lib\com\amazonaws\aws-java-sdk-route53\1.11.509\aws-java-sdk-route53-1.11.509.jar;C:\Development\JavaDevelopment\lib\com\amazonaws\aws-java-sdk-s3\1.11.509\aws-java-sdk-s3-1.11.509.jar;C:\Development\JavaDevelopment\lib\com\amazonaws\aws-java-sdk-importexport\1.11.509\aws-java-sdk-importexport-1.11.509.jar;C:\Development\JavaDevelopment\lib\com\amazonaws\aws-java-sdk-sts\1.11.509\aws-java-sdk-sts-1.11.509.jar;C:\Development\JavaDevelopment\lib\com\amazonaws\aws-java-sdk-sqs\1.11.509\aws-java-sdk-sqs-1.11.509.jar;C:\Development\JavaDevelopment\lib\com\amazonaws\aws-java-sdk-rds\1.11.509\aws-java-sdk-rds-1.11.509.jar;C:\Development\JavaDevelopment\lib\com\amazonaws\aws-java-sdk-redshift\1.11.509\aws-java-sdk-redshift-1.11.509.jar;C:\Development\JavaDevelopment\lib\com\amazonaws\aws-java-sdk-elasticbeanstalk\1.11.509\aws-java-sdk-elasticbeanstalk-1.11.509.jar;C:\Development\JavaDevelopment\lib\com\amazonaws\aws-java-sdk-glacier\1.11.509\aws-java-sdk-glacier-1.11.509.jar;C:\Development\JavaDevelopment\lib\com\amazonaws\aws-java-sdk-iam\1.11.509\aws-java-sdk-iam-1.11.509.jar;C:\Development\JavaDevelopment\lib\com\amazonaws\aws-java-sdk-datapipeline\1.11.509\aws-java-sdk-datapipeline-1.11.509.jar;C:\Development\JavaDevelopment\lib\com\amazonaws\aws-java-sdk-elasticloadbalancing\1.11.509\aws-java-sdk-elasticloadbalancing-1.11.509.jar;C:\Development\JavaDevelopment\lib\com\amazonaws\aws-java-sdk-elasticloadbalancingv2\1.11.509\aws-java-sdk-elasticloadbalancingv2-1.11.509.jar;C:\Development\JavaDevelopment\lib\com\amazonaws\aws-java-sdk-emr\1.11.509\aws-java-sdk-emr-1.11.509.jar;C:\Development\JavaDevelopment\lib\com\amazonaws\aws-java-sdk-elasticache\1.11.509\aws-java-sdk-elasticache-1.11.509.jar;C:\Development\JavaDevelopment\lib\com\amazonaws\aws-java-sdk-elastictranscoder\1.11.509\aws-java-sdk-elastictranscoder-1.11.509.jar;C:\Development\JavaDevelopment\lib\com\amazonaws\aws-java-sdk-ec2\1.11.509\aws-java-sdk-ec2-1.11.509.jar;C:\Development\JavaDevelopment\lib\com\amazonaws\aws-java-sdk-dynamodb\1.11.509\aws-java-sdk-dynamodb-1.11.509.jar;C:\Development\JavaDevelopment\lib\com\amazonaws\aws-java-sdk-sns\1.11.509\aws-java-sdk-sns-1.11.509.jar;C:\Development\JavaDevelopment\lib\com\amazonaws\aws-java-sdk-budgets\1.11.509\aws-java-sdk-budgets-1.11.509.jar;C:\Development\JavaDevelopment\lib\com\amazonaws\aws-java-sdk-cloudtrail\1.11.509\aws-java-sdk-cloudtrail-1.11.509.jar;C:\Development\JavaDevelopment\lib\com\amazonaws\aws-java-sdk-cloudwatch\1.11.509\aws-java-sdk-cloudwatch-1.11.509.jar;C:\Development\JavaDevelopment\lib\com\amazonaws\aws-java-sdk-logs\1.11.509\aws-java-sdk-logs-1.11.509.jar;C:\Development\JavaDevelopment\lib\com\amazonaws\aws-java-sdk-events\1.11.509\aws-java-sdk-events-1.11.509.jar;C:\Development\JavaDevelopment\lib\com\amazonaws\aws-java-sdk-cognitoidentity\1.11.509\aws-java-sdk-cognitoidentity-1.11.509.jar;C:\Development\JavaDevelopment\lib\com\amazonaws\aws-java-sdk-cognitosync\1.11.509\aws-java-sdk-cognitosync-1.11.509.jar;C:\Development\JavaDevelopment\lib\com\amazonaws\aws-java-sdk-directconnect\1.11.509\aws-java-sdk-directconnect-1.11.509.jar;C:\Development\JavaDevelopment\lib\com\amazonaws\aws-java-sdk-cloudformation\1.11.509\aws-java-sdk-cloudformation-1.11.509.jar;C:\Development\JavaDevelopment\lib\com\amazonaws\aws-java-sdk-cloudfront\1.11.509\aws-java-sdk-cloudfront-1.11.509.jar;C:\Development\JavaDevelopment\lib\com\amazonaws\aws-java-sdk-clouddirectory\1.11.509\aws-java-sdk-clouddirectory-1.11.509.jar;C:\Development\JavaDevelopment\lib\com\amazonaws\aws-java-sdk-kinesis\1.11.509\aws-java-sdk-kinesis-1.11.509.jar;C:\Development\JavaDevelopment\lib\com\amazonaws\aws-java-sdk-opsworks\1.11.509\aws-java-sdk-opsworks-1.11.509.jar;C:\Development\JavaDevelopment\lib\com\amazonaws\aws-java-sdk-ses\1.11.509\aws-java-sdk-ses-1.11.509.jar;C:\Development\JavaDevelopment\lib\com\amazonaws\aws-java-sdk-autoscaling\1.11.509\aws-java-sdk-autoscaling-1.11.509.jar;C:\Development\JavaDevelopment\lib\com\amazonaws\aws-java-sdk-cloudsearch\1.11.509\aws-java-sdk-cloudsearch-1.11.509.jar;C:\Development\JavaDevelopment\lib\com\amazonaws\aws-java-sdk-cloudwatchmetrics\1.11.509\aws-java-sdk-cloudwatchmetrics-1.11.509.jar;C:\Development\JavaDevelopment\lib\com\amazonaws\aws-java-sdk-codedeploy\1.11.509\aws-java-sdk-codedeploy-1.11.509.jar;C:\Development\JavaDevelopment\lib\com\amazonaws\aws-java-sdk-codepipeline\1.11.509\aws-java-sdk-codepipeline-1.11.509.jar;C:\Development\JavaDevelopment\lib\com\amazonaws\aws-java-sdk-kms\1.11.509\aws-java-sdk-kms-1.11.509.jar;C:\Development\JavaDevelopment\lib\com\amazonaws\aws-java-sdk-config\1.11.509\aws-java-sdk-config-1.11.509.jar;C:\Development\JavaDevelopment\lib\com\amazonaws\aws-java-sdk-lambda\1.11.509\aws-java-sdk-lambda-1.11.509.jar;C:\Development\JavaDevelopment\lib\com\amazonaws\aws-java-sdk-ecs\1.11.509\aws-java-sdk-ecs-1.11.509.jar;C:\Development\JavaDevelopment\lib\com\amazonaws\aws-java-sdk-ecr\1.11.509\aws-java-sdk-ecr-1.11.509.jar;C:\Development\JavaDevelopment\lib\com\amazonaws\aws-java-sdk-cloudhsm\1.11.509\aws-java-sdk-cloudhsm-1.11.509.jar;C:\Development\JavaDevelopment\lib\com\amazonaws\aws-java-sdk-ssm\1.11.509\aws-java-sdk-ssm-1.11.509.jar;C:\Development\JavaDevelopment\lib\com\amazonaws\aws-java-sdk-workspaces\1.11.509\aws-java-sdk-workspaces-1.11.509.jar;C:\Development\JavaDevelopment\lib\com\amazonaws\aws-java-sdk-machinelearning\1.11.509\aws-java-sdk-machinelearning-1.11.509.jar;C:\Development\JavaDevelopment\lib\com\amazonaws\aws-java-sdk-directory\1.11.509\aws-java-sdk-directory-1.11.509.jar;C:\Development\JavaDevelopment\lib\com\amazonaws\aws-java-sdk-efs\1.11.509\aws-java-sdk-efs-1.11.509.jar;C:\Development\JavaDevelopment\lib\com\amazonaws\aws-java-sdk-codecommit\1.11.509\aws-java-sdk-codecommit-1.11.509.jar;C:\Development\JavaDevelopment\lib\com\amazonaws\aws-java-sdk-devicefarm\1.11.509\aws-java-sdk-devicefarm-1.11.509.jar;C:\Development\JavaDevelopment\lib\com\amazonaws\aws-java-sdk-elasticsearch\1.11.509\aws-java-sdk-elasticsearch-1.11.509.jar;C:\Development\JavaDevelopment\lib\com\amazonaws\aws-java-sdk-waf\1.11.509\aws-java-sdk-waf-1.11.509.jar;C:\Development\JavaDevelopment\lib\com\amazonaws\aws-java-sdk-marketplacecommerceanalytics\1.11.509\aws-java-sdk-marketplacecommerceanalytics-1.11.509.jar;C:\Development\JavaDevelopment\lib\com\amazonaws\aws-java-sdk-inspector\1.11.509\aws-java-sdk-inspector-1.11.509.jar;C:\Development\JavaDevelopment\lib\com\amazonaws\aws-java-sdk-iot\1.11.509\aws-java-sdk-iot-1.11.509.jar;C:\Development\JavaDevelopment\lib\com\amazonaws\aws-java-sdk-api-gateway\1.11.509\aws-java-sdk-api-gateway-1.11.509.jar;C:\Development\JavaDevelopment\lib\com\amazonaws\aws-java-sdk-acm\1.11.509\aws-java-sdk-acm-1.11.509.jar;C:\Development\JavaDevelopment\lib\com\amazonaws\aws-java-sdk-gamelift\1.11.509\aws-java-sdk-gamelift-1.11.509.jar;C:\Development\JavaDevelopment\lib\com\amazonaws\aws-java-sdk-dms\1.11.509\aws-java-sdk-dms-1.11.509.jar;C:\Development\JavaDevelopment\lib\com\amazonaws\aws-java-sdk-marketplacemeteringservice\1.11.509\aws-java-sdk-marketplacemeteringservice-1.11.509.jar;C:\Development\JavaDevelopment\lib\com\amazonaws\aws-java-sdk-cognitoidp\1.11.509\aws-java-sdk-cognitoidp-1.11.509.jar;C:\Development\JavaDevelopment\lib\com\amazonaws\aws-java-sdk-discovery\1.11.509\aws-java-sdk-discovery-1.11.509.jar;C:\Development\JavaDevelopment\lib\com\amazonaws\aws-java-sdk-applicationautoscaling\1.11.509\aws-java-sdk-applicationautoscaling-1.11.509.jar;C:\Development\JavaDevelopment\lib\com\amazonaws\aws-java-sdk-snowball\1.11.509\aws-java-sdk-snowball-1.11.509.jar;C:\Development\JavaDevelopment\lib\com\amazonaws\aws-java-sdk-rekognition\1.11.509\aws-java-sdk-rekognition-1.11.509.jar;C:\Development\JavaDevelopment\lib\com\amazonaws\aws-java-sdk-polly\1.11.509\aws-java-sdk-polly-1.11.509.jar;C:\Development\JavaDevelopment\lib\com\amazonaws\aws-java-sdk-lightsail\1.11.509\aws-java-sdk-lightsail-1.11.509.jar;C:\Development\JavaDevelopment\lib\com\amazonaws\aws-java-sdk-stepfunctions\1.11.509\aws-java-sdk-stepfunctions-1.11.509.jar;C:\Development\JavaDevelopment\lib\com\amazonaws\aws-java-sdk-health\1.11.509\aws-java-sdk-health-1.11.509.jar;C:\Development\JavaDevelopment\lib\com\amazonaws\aws-java-sdk-costandusagereport\1.11.509\aws-java-sdk-costandusagereport-1.11.509.jar;C:\Development\JavaDevelopment\lib\com\amazonaws\aws-java-sdk-codebuild\1.11.509\aws-java-sdk-codebuild-1.11.509.jar;C:\Development\JavaDevelopment\lib\com\amazonaws\aws-java-sdk-appstream\1.11.509\aws-java-sdk-appstream-1.11.509.jar;C:\Development\JavaDevelopment\lib\com\amazonaws\aws-java-sdk-shield\1.11.509\aws-java-sdk-shield-1.11.509.jar;C:\Development\JavaDevelopment\lib\com\amazonaws\aws-java-sdk-batch\1.11.509\aws-java-sdk-batch-1.11.509.jar;C:\Development\JavaDevelopment\lib\com\amazonaws\aws-java-sdk-lex\1.11.509\aws-java-sdk-lex-1.11.509.jar;C:\Development\JavaDevelopment\lib\com\amazonaws\aws-java-sdk-mechanicalturkrequester\1.11.509\aws-java-sdk-mechanicalturkrequester-1.11.509.jar;C:\Development\JavaDevelopment\lib\com\amazonaws\aws-java-sdk-organizations\1.11.509\aws-java-sdk-organizations-1.11.509.jar;C:\Development\JavaDevelopment\lib\com\amazonaws\aws-java-sdk-workdocs\1.11.509\aws-java-sdk-workdocs-1.11.509.jar;C:\Development\JavaDevelopment\lib\com\amazonaws\aws-java-sdk-core\1.11.509\aws-java-sdk-core-1.11.509.jar;C:\Development\JavaDevelopment\lib\software\amazon\ion\ion-java\1.0.2\ion-java-1.0.2.jar;C:\Development\JavaDevelopment\lib\com\fasterxml\jackson\core\jackson-databind\2.6.7.2\jackson-databind-2.6.7.2.jar;C:\Development\JavaDevelopment\lib\com\fasterxml\jackson\core\jackson-annotations\2.6.0\jackson-annotations-2.6.0.jar;C:\Development\JavaDevelopment\lib\com\fasterxml\jackson\core\jackson-core\2.6.7\jackson-core-2.6.7.jar;C:\Development\JavaDevelopment\lib\com\fasterxml\jackson\dataformat\jackson-dataformat-cbor\2.6.7\jackson-dataformat-cbor-2.6.7.jar;C:\Development\JavaDevelopment\lib\com\amazonaws\aws-java-sdk-models\1.11.509\aws-java-sdk-models-1.11.509.jar;C:\Development\JavaDevelopment\lib\com\amazonaws\aws-java-sdk-swf-libraries\1.11.22\aws-java-sdk-swf-libraries-1.11.22.jar;C:\Development\JavaDevelopment\lib\org\apache\maven\surefire\surefire-testng-utils\2.22.0\surefire-testng-utils-2.22.0.jar;C:\Development\JavaDevelopment\lib\org\apache\maven\surefire\surefire-grouper\2.22.0\surefire-grouper-2.22.0.jar;"/>
    <property name="java.vm.vendor" value="Oracle Corporation"/>
    <property name="sun.arch.data.model" value="64"/>
    <property name="user.variant" value=""/>
    <property name="configFilePath" value=".\configuration.xml"/>
    <property name="java.vendor.url" value="http://java.oracle.com/"/>
    <property name="user.timezone" value="Pacific/Auckland"/>
    <property name="java.vm.specification.version" value="1.8"/>
    <property name="os.name" value="Windows 10"/>
    <property name="user.country" value="US"/>
    <property name="sun.java.launcher" value="SUN_STANDARD"/>
    <property name="sun.boot.library.path" value="C:\Program Files\Java\jdk1.8.0_191\jre\bin"/>
    <property name="sun.java.command" value="C:\Users\Scott\AppData\Local\Temp\surefire7977636207795438208\surefirebooter3363707948904002875.jar C:\Users\Scott\AppData\Local\Temp\surefire7977636207795438208 2019-03-03T19-54-59_897-jvmRun1 surefire7617928620781811017tmp surefire_06268062121069196836tmp"/>
    <property name="surefire.test.class.path" value="C:\Development\SQSTest\target\test-classes;C:\Development\SQSTest\target\classes;C:\Development\JavaDevelopment\lib\org\testng\testng\6.14.3\testng-6.14.3.jar;C:\Development\JavaDevelopment\lib\com\beust\jcommander\1.72\jcommander-1.72.jar;C:\Development\JavaDevelopment\lib\org\apache-extras\beanshell\bsh\2.0b6\bsh-2.0b6.jar;C:\Development\JavaDevelopment\lib\org\apache\logging\log4j\log4j-api\2.11.1\log4j-api-2.11.1.jar;C:\Development\JavaDevelopment\lib\org\jdom\jdom\2.0.2\jdom-2.0.2.jar;C:\Development\JavaDevelopment\lib\com\aventstack\extentreports\3.1.5\extentreports-3.1.5.jar;C:\Development\JavaDevelopment\lib\org\freemarker\freemarker\2.3.23\freemarker-2.3.23.jar;C:\Development\JavaDevelopment\lib\org\mongodb\mongodb-driver\3.3.0\mongodb-driver-3.3.0.jar;C:\Development\JavaDevelopment\lib\org\mongodb\bson\3.3.0\bson-3.3.0.jar;C:\Development\JavaDevelopment\lib\org\mongodb\mongodb-driver-core\3.3.0\mongodb-driver-core-3.3.0.jar;C:\Development\JavaDevelopment\lib\org\apache\httpcomponents\httpclient\4.5.2\httpclient-4.5.2.jar;C:\Development\JavaDevelopment\lib\org\apache\httpcomponents\httpcore\4.4.4\httpcore-4.4.4.jar;C:\Development\JavaDevelopment\lib\commons-logging\commons-logging\1.2\commons-logging-1.2.jar;C:\Development\JavaDevelopment\lib\commons-codec\commons-codec\1.9\commons-codec-1.9.jar;C:\Development\JavaDevelopment\lib\org\apache\httpcomponents\httpmime\4.5.2\httpmime-4.5.2.jar;C:\Development\JavaDevelopment\lib\org\jsoup\jsoup\1.9.2\jsoup-1.9.2.jar;C:\Development\JavaDevelopment\lib\jaxen\jaxen\1.1.6\jaxen-1.1.6.jar;C:\Development\JavaDevelopment\lib\com\google\code\gson\gson\2.8.5\gson-2.8.5.jar;C:\Development\JavaDevelopment\lib\joda-time\joda-time\2.10.1\joda-time-2.10.1.jar;C:\Development\JavaDevelopment\lib\com\amazonaws\aws-java-sdk\1.11.509\aws-java-sdk-1.11.509.jar;C:\Development\JavaDevelopment\lib\com\amazonaws\aws-java-sdk-worklink\1.11.509\aws-java-sdk-worklink-1.11.509.jar;C:\Development\JavaDevelopment\lib\com\amazonaws\jmespath-java\1.11.509\jmespath-java-1.11.509.jar;C:\Development\JavaDevelopment\lib\com\amazonaws\aws-java-sdk-backup\1.11.509\aws-java-sdk-backup-1.11.509.jar;C:\Development\JavaDevelopment\lib\com\amazonaws\aws-java-sdk-docdb\1.11.509\aws-java-sdk-docdb-1.11.509.jar;C:\Development\JavaDevelopment\lib\com\amazonaws\aws-java-sdk-apigatewayv2\1.11.509\aws-java-sdk-apigatewayv2-1.11.509.jar;C:\Development\JavaDevelopment\lib\com\amazonaws\aws-java-sdk-apigatewaymanagementapi\1.11.509\aws-java-sdk-apigatewaymanagementapi-1.11.509.jar;C:\Development\JavaDevelopment\lib\com\amazonaws\aws-java-sdk-kafka\1.11.509\aws-java-sdk-kafka-1.11.509.jar;C:\Development\JavaDevelopment\lib\com\amazonaws\aws-java-sdk-appmesh\1.11.509\aws-java-sdk-appmesh-1.11.509.jar;C:\Development\JavaDevelopment\lib\com\amazonaws\aws-java-sdk-licensemanager\1.11.509\aws-java-sdk-licensemanager-1.11.509.jar;C:\Development\JavaDevelopment\lib\com\amazonaws\aws-java-sdk-securityhub\1.11.509\aws-java-sdk-securityhub-1.11.509.jar;C:\Development\JavaDevelopment\lib\com\amazonaws\aws-java-sdk-fsx\1.11.509\aws-java-sdk-fsx-1.11.509.jar;C:\Development\JavaDevelopment\lib\com\amazonaws\aws-java-sdk-mediaconnect\1.11.509\aws-java-sdk-mediaconnect-1.11.509.jar;C:\Development\JavaDevelopment\lib\com\amazonaws\aws-java-sdk-kinesisanalyticsv2\1.11.509\aws-java-sdk-kinesisanalyticsv2-1.11.509.jar;C:\Development\JavaDevelopment\lib\com\amazonaws\aws-java-sdk-comprehendmedical\1.11.509\aws-java-sdk-comprehendmedical-1.11.509.jar;C:\Development\JavaDevelopment\lib\com\amazonaws\aws-java-sdk-globalaccelerator\1.11.509\aws-java-sdk-globalaccelerator-1.11.509.jar;C:\Development\JavaDevelopment\lib\com\amazonaws\aws-java-sdk-transfer\1.11.509\aws-java-sdk-transfer-1.11.509.jar;C:\Development\JavaDevelopment\lib\com\amazonaws\aws-java-sdk-datasync\1.11.509\aws-java-sdk-datasync-1.11.509.jar;C:\Development\JavaDevelopment\lib\com\amazonaws\aws-java-sdk-robomaker\1.11.509\aws-java-sdk-robomaker-1.11.509.jar;C:\Development\JavaDevelopment\lib\com\amazonaws\aws-java-sdk-amplify\1.11.509\aws-java-sdk-amplify-1.11.509.jar;C:\Development\JavaDevelopment\lib\com\amazonaws\aws-java-sdk-quicksight\1.11.509\aws-java-sdk-quicksight-1.11.509.jar;C:\Development\JavaDevelopment\lib\com\amazonaws\aws-java-sdk-rdsdata\1.11.509\aws-java-sdk-rdsdata-1.11.509.jar;C:\Development\JavaDevelopment\lib\com\amazonaws\aws-java-sdk-route53resolver\1.11.509\aws-java-sdk-route53resolver-1.11.509.jar;C:\Development\JavaDevelopment\lib\com\amazonaws\aws-java-sdk-ram\1.11.509\aws-java-sdk-ram-1.11.509.jar;C:\Development\JavaDevelopment\lib\com\amazonaws\aws-java-sdk-s3control\1.11.509\aws-java-sdk-s3control-1.11.509.jar;C:\Development\JavaDevelopment\lib\com\amazonaws\aws-java-sdk-pinpointsmsvoice\1.11.509\aws-java-sdk-pinpointsmsvoice-1.11.509.jar;C:\Development\JavaDevelopment\lib\com\amazonaws\aws-java-sdk-pinpointemail\1.11.509\aws-java-sdk-pinpointemail-1.11.509.jar;C:\Development\JavaDevelopment\lib\com\amazonaws\aws-java-sdk-chime\1.11.509\aws-java-sdk-chime-1.11.509.jar;C:\Development\JavaDevelopment\lib\com\amazonaws\aws-java-sdk-signer\1.11.509\aws-java-sdk-signer-1.11.509.jar;C:\Development\JavaDevelopment\lib\com\amazonaws\aws-java-sdk-dlm\1.11.509\aws-java-sdk-dlm-1.11.509.jar;C:\Development\JavaDevelopment\lib\com\amazonaws\aws-java-sdk-macie\1.11.509\aws-java-sdk-macie-1.11.509.jar;C:\Development\JavaDevelopment\lib\com\amazonaws\aws-java-sdk-eks\1.11.509\aws-java-sdk-eks-1.11.509.jar;C:\Development\JavaDevelopment\lib\com\amazonaws\aws-java-sdk-mediatailor\1.11.509\aws-java-sdk-mediatailor-1.11.509.jar;C:\Development\JavaDevelopment\lib\com\amazonaws\aws-java-sdk-neptune\1.11.509\aws-java-sdk-neptune-1.11.509.jar;C:\Development\JavaDevelopment\lib\com\amazonaws\aws-java-sdk-pi\1.11.509\aws-java-sdk-pi-1.11.509.jar;C:\Development\JavaDevelopment\lib\com\amazonaws\aws-java-sdk-iot1clickprojects\1.11.509\aws-java-sdk-iot1clickprojects-1.11.509.jar;C:\Development\JavaDevelopment\lib\com\amazonaws\aws-java-sdk-iot1clickdevices\1.11.509\aws-java-sdk-iot1clickdevices-1.11.509.jar;C:\Development\JavaDevelopment\lib\com\amazonaws\aws-java-sdk-iotanalytics\1.11.509\aws-java-sdk-iotanalytics-1.11.509.jar;C:\Development\JavaDevelopment\lib\com\amazonaws\aws-java-sdk-acmpca\1.11.509\aws-java-sdk-acmpca-1.11.509.jar;C:\Development\JavaDevelopment\lib\com\amazonaws\aws-java-sdk-secretsmanager\1.11.509\aws-java-sdk-secretsmanager-1.11.509.jar;C:\Development\JavaDevelopment\lib\com\amazonaws\aws-java-sdk-fms\1.11.509\aws-java-sdk-fms-1.11.509.jar;C:\Development\JavaDevelopment\lib\com\amazonaws\aws-java-sdk-connect\1.11.509\aws-java-sdk-connect-1.11.509.jar;C:\Development\JavaDevelopment\lib\com\amazonaws\aws-java-sdk-transcribe\1.11.509\aws-java-sdk-transcribe-1.11.509.jar;C:\Development\JavaDevelopment\lib\com\amazonaws\aws-java-sdk-autoscalingplans\1.11.509\aws-java-sdk-autoscalingplans-1.11.509.jar;C:\Development\JavaDevelopment\lib\com\amazonaws\aws-java-sdk-workmail\1.11.509\aws-java-sdk-workmail-1.11.509.jar;C:\Development\JavaDevelopment\lib\com\amazonaws\aws-java-sdk-servicediscovery\1.11.509\aws-java-sdk-servicediscovery-1.11.509.jar;C:\Development\JavaDevelopment\lib\com\amazonaws\aws-java-sdk-cloud9\1.11.509\aws-java-sdk-cloud9-1.11.509.jar;C:\Development\JavaDevelopment\lib\com\amazonaws\aws-java-sdk-serverlessapplicationrepository\1.11.509\aws-java-sdk-serverlessapplicationrepository-1.11.509.jar;C:\Development\JavaDevelopment\lib\com\amazonaws\aws-java-sdk-alexaforbusiness\1.11.509\aws-java-sdk-alexaforbusiness-1.11.509.jar;C:\Development\JavaDevelopment\lib\com\amazonaws\aws-java-sdk-resourcegroups\1.11.509\aws-java-sdk-resourcegroups-1.11.509.jar;C:\Development\JavaDevelopment\lib\com\amazonaws\aws-java-sdk-comprehend\1.11.509\aws-java-sdk-comprehend-1.11.509.jar;C:\Development\JavaDevelopment\lib\com\amazonaws\aws-java-sdk-translate\1.11.509\aws-java-sdk-translate-1.11.509.jar;C:\Development\JavaDevelopment\lib\com\amazonaws\aws-java-sdk-sagemaker\1.11.509\aws-java-sdk-sagemaker-1.11.509.jar;C:\Development\JavaDevelopment\lib\com\amazonaws\aws-java-sdk-iotjobsdataplane\1.11.509\aws-java-sdk-iotjobsdataplane-1.11.509.jar;C:\Development\JavaDevelopment\lib\com\amazonaws\aws-java-sdk-sagemakerruntime\1.11.509\aws-java-sdk-sagemakerruntime-1.11.509.jar;C:\Development\JavaDevelopment\lib\com\amazonaws\aws-java-sdk-kinesisvideo\1.11.509\aws-java-sdk-kinesisvideo-1.11.509.jar;C:\Development\JavaDevelopment\lib\io\netty\netty-codec-http\4.1.17.Final\netty-codec-http-4.1.17.Final.jar;C:\Development\JavaDevelopment\lib\io\netty\netty-codec\4.1.17.Final\netty-codec-4.1.17.Final.jar;C:\Development\JavaDevelopment\lib\io\netty\netty-handler\4.1.17.Final\netty-handler-4.1.17.Final.jar;C:\Development\JavaDevelopment\lib\io\netty\netty-buffer\4.1.17.Final\netty-buffer-4.1.17.Final.jar;C:\Development\JavaDevelopment\lib\io\netty\netty-common\4.1.17.Final\netty-common-4.1.17.Final.jar;C:\Development\JavaDevelopment\lib\io\netty\netty-transport\4.1.17.Final\netty-transport-4.1.17.Final.jar;C:\Development\JavaDevelopment\lib\io\netty\netty-resolver\4.1.17.Final\netty-resolver-4.1.17.Final.jar;C:\Development\JavaDevelopment\lib\com\amazonaws\aws-java-sdk-appsync\1.11.509\aws-java-sdk-appsync-1.11.509.jar;C:\Development\JavaDevelopment\lib\com\amazonaws\aws-java-sdk-guardduty\1.11.509\aws-java-sdk-guardduty-1.11.509.jar;C:\Development\JavaDevelopment\lib\com\amazonaws\aws-java-sdk-mq\1.11.509\aws-java-sdk-mq-1.11.509.jar;C:\Development\JavaDevelopment\lib\com\amazonaws\aws-java-sdk-mediaconvert\1.11.509\aws-java-sdk-mediaconvert-1.11.509.jar;C:\Development\JavaDevelopment\lib\com\amazonaws\aws-java-sdk-mediastore\1.11.509\aws-java-sdk-mediastore-1.11.509.jar;C:\Development\JavaDevelopment\lib\com\amazonaws\aws-java-sdk-mediastoredata\1.11.509\aws-java-sdk-mediastoredata-1.11.509.jar;C:\Development\JavaDevelopment\lib\com\amazonaws\aws-java-sdk-medialive\1.11.509\aws-java-sdk-medialive-1.11.509.jar;C:\Development\JavaDevelopment\lib\com\amazonaws\aws-java-sdk-mediapackage\1.11.509\aws-java-sdk-mediapackage-1.11.509.jar;C:\Development\JavaDevelopment\lib\com\amazonaws\aws-java-sdk-costexplorer\1.11.509\aws-java-sdk-costexplorer-1.11.509.jar;C:\Development\JavaDevelopment\lib\com\amazonaws\aws-java-sdk-pricing\1.11.509\aws-java-sdk-pricing-1.11.509.jar;C:\Development\JavaDevelopment\lib\com\amazonaws\aws-java-sdk-mobile\1.11.509\aws-java-sdk-mobile-1.11.509.jar;C:\Development\JavaDevelopment\lib\com\amazonaws\aws-java-sdk-cloudhsmv2\1.11.509\aws-java-sdk-cloudhsmv2-1.11.509.jar;C:\Development\JavaDevelopment\lib\com\amazonaws\aws-java-sdk-glue\1.11.509\aws-java-sdk-glue-1.11.509.jar;C:\Development\JavaDevelopment\lib\com\amazonaws\aws-java-sdk-migrationhub\1.11.509\aws-java-sdk-migrationhub-1.11.509.jar;C:\Development\JavaDevelopment\lib\com\amazonaws\aws-java-sdk-dax\1.11.509\aws-java-sdk-dax-1.11.509.jar;C:\Development\JavaDevelopment\lib\com\amazonaws\aws-java-sdk-greengrass\1.11.509\aws-java-sdk-greengrass-1.11.509.jar;C:\Development\JavaDevelopment\lib\com\amazonaws\aws-java-sdk-athena\1.11.509\aws-java-sdk-athena-1.11.509.jar;C:\Development\JavaDevelopment\lib\com\amazonaws\aws-java-sdk-marketplaceentitlement\1.11.509\aws-java-sdk-marketplaceentitlement-1.11.509.jar;C:\Development\JavaDevelopment\lib\com\amazonaws\aws-java-sdk-codestar\1.11.509\aws-java-sdk-codestar-1.11.509.jar;C:\Development\JavaDevelopment\lib\com\amazonaws\aws-java-sdk-lexmodelbuilding\1.11.509\aws-java-sdk-lexmodelbuilding-1.11.509.jar;C:\Development\JavaDevelopment\lib\com\amazonaws\aws-java-sdk-resourcegroupstaggingapi\1.11.509\aws-java-sdk-resourcegroupstaggingapi-1.11.509.jar;C:\Development\JavaDevelopment\lib\com\amazonaws\aws-java-sdk-pinpoint\1.11.509\aws-java-sdk-pinpoint-1.11.509.jar;C:\Development\JavaDevelopment\lib\com\amazonaws\aws-java-sdk-xray\1.11.509\aws-java-sdk-xray-1.11.509.jar;C:\Development\JavaDevelopment\lib\com\amazonaws\aws-java-sdk-opsworkscm\1.11.509\aws-java-sdk-opsworkscm-1.11.509.jar;C:\Development\JavaDevelopment\lib\com\amazonaws\aws-java-sdk-support\1.11.509\aws-java-sdk-support-1.11.509.jar;C:\Development\JavaDevelopment\lib\com\amazonaws\aws-java-sdk-simpledb\1.11.509\aws-java-sdk-simpledb-1.11.509.jar;C:\Development\JavaDevelopment\lib\com\amazonaws\aws-java-sdk-servicecatalog\1.11.509\aws-java-sdk-servicecatalog-1.11.509.jar;C:\Development\JavaDevelopment\lib\com\amazonaws\aws-java-sdk-servermigration\1.11.509\aws-java-sdk-servermigration-1.11.509.jar;C:\Development\JavaDevelopment\lib\com\amazonaws\aws-java-sdk-simpleworkflow\1.11.509\aws-java-sdk-simpleworkflow-1.11.509.jar;C:\Development\JavaDevelopment\lib\com\amazonaws\aws-java-sdk-storagegateway\1.11.509\aws-java-sdk-storagegateway-1.11.509.jar;C:\Development\JavaDevelopment\lib\com\amazonaws\aws-java-sdk-route53\1.11.509\aws-java-sdk-route53-1.11.509.jar;C:\Development\JavaDevelopment\lib\com\amazonaws\aws-java-sdk-s3\1.11.509\aws-java-sdk-s3-1.11.509.jar;C:\Development\JavaDevelopment\lib\com\amazonaws\aws-java-sdk-importexport\1.11.509\aws-java-sdk-importexport-1.11.509.jar;C:\Development\JavaDevelopment\lib\com\amazonaws\aws-java-sdk-sts\1.11.509\aws-java-sdk-sts-1.11.509.jar;C:\Development\JavaDevelopment\lib\com\amazonaws\aws-java-sdk-sqs\1.11.509\aws-java-sdk-sqs-1.11.509.jar;C:\Development\JavaDevelopment\lib\com\amazonaws\aws-java-sdk-rds\1.11.509\aws-java-sdk-rds-1.11.509.jar;C:\Development\JavaDevelopment\lib\com\amazonaws\aws-java-sdk-redshift\1.11.509\aws-java-sdk-redshift-1.11.509.jar;C:\Development\JavaDevelopment\lib\com\amazonaws\aws-java-sdk-elasticbeanstalk\1.11.509\aws-java-sdk-elasticbeanstalk-1.11.509.jar;C:\Development\JavaDevelopment\lib\com\amazonaws\aws-java-sdk-glacier\1.11.509\aws-java-sdk-glacier-1.11.509.jar;C:\Development\JavaDevelopment\lib\com\amazonaws\aws-java-sdk-iam\1.11.509\aws-java-sdk-iam-1.11.509.jar;C:\Development\JavaDevelopment\lib\com\amazonaws\aws-java-sdk-datapipeline\1.11.509\aws-java-sdk-datapipeline-1.11.509.jar;C:\Development\JavaDevelopment\lib\com\amazonaws\aws-java-sdk-elasticloadbalancing\1.11.509\aws-java-sdk-elasticloadbalancing-1.11.509.jar;C:\Development\JavaDevelopment\lib\com\amazonaws\aws-java-sdk-elasticloadbalancingv2\1.11.509\aws-java-sdk-elasticloadbalancingv2-1.11.509.jar;C:\Development\JavaDevelopment\lib\com\amazonaws\aws-java-sdk-emr\1.11.509\aws-java-sdk-emr-1.11.509.jar;C:\Development\JavaDevelopment\lib\com\amazonaws\aws-java-sdk-elasticache\1.11.509\aws-java-sdk-elasticache-1.11.509.jar;C:\Development\JavaDevelopment\lib\com\amazonaws\aws-java-sdk-elastictranscoder\1.11.509\aws-java-sdk-elastictranscoder-1.11.509.jar;C:\Development\JavaDevelopment\lib\com\amazonaws\aws-java-sdk-ec2\1.11.509\aws-java-sdk-ec2-1.11.509.jar;C:\Development\JavaDevelopment\lib\com\amazonaws\aws-java-sdk-dynamodb\1.11.509\aws-java-sdk-dynamodb-1.11.509.jar;C:\Development\JavaDevelopment\lib\com\amazonaws\aws-java-sdk-sns\1.11.509\aws-java-sdk-sns-1.11.509.jar;C:\Development\JavaDevelopment\lib\com\amazonaws\aws-java-sdk-budgets\1.11.509\aws-java-sdk-budgets-1.11.509.jar;C:\Development\JavaDevelopment\lib\com\amazonaws\aws-java-sdk-cloudtrail\1.11.509\aws-java-sdk-cloudtrail-1.11.509.jar;C:\Development\JavaDevelopment\lib\com\amazonaws\aws-java-sdk-cloudwatch\1.11.509\aws-java-sdk-cloudwatch-1.11.509.jar;C:\Development\JavaDevelopment\lib\com\amazonaws\aws-java-sdk-logs\1.11.509\aws-java-sdk-logs-1.11.509.jar;C:\Development\JavaDevelopment\lib\com\amazonaws\aws-java-sdk-events\1.11.509\aws-java-sdk-events-1.11.509.jar;C:\Development\JavaDevelopment\lib\com\amazonaws\aws-java-sdk-cognitoidentity\1.11.509\aws-java-sdk-cognitoidentity-1.11.509.jar;C:\Development\JavaDevelopment\lib\com\amazonaws\aws-java-sdk-cognitosync\1.11.509\aws-java-sdk-cognitosync-1.11.509.jar;C:\Development\JavaDevelopment\lib\com\amazonaws\aws-java-sdk-directconnect\1.11.509\aws-java-sdk-directconnect-1.11.509.jar;C:\Development\JavaDevelopment\lib\com\amazonaws\aws-java-sdk-cloudformation\1.11.509\aws-java-sdk-cloudformation-1.11.509.jar;C:\Development\JavaDevelopment\lib\com\amazonaws\aws-java-sdk-cloudfront\1.11.509\aws-java-sdk-cloudfront-1.11.509.jar;C:\Development\JavaDevelopment\lib\com\amazonaws\aws-java-sdk-clouddirectory\1.11.509\aws-java-sdk-clouddirectory-1.11.509.jar;C:\Development\JavaDevelopment\lib\com\amazonaws\aws-java-sdk-kinesis\1.11.509\aws-java-sdk-kinesis-1.11.509.jar;C:\Development\JavaDevelopment\lib\com\amazonaws\aws-java-sdk-opsworks\1.11.509\aws-java-sdk-opsworks-1.11.509.jar;C:\Development\JavaDevelopment\lib\com\amazonaws\aws-java-sdk-ses\1.11.509\aws-java-sdk-ses-1.11.509.jar;C:\Development\JavaDevelopment\lib\com\amazonaws\aws-java-sdk-autoscaling\1.11.509\aws-java-sdk-autoscaling-1.11.509.jar;C:\Development\JavaDevelopment\lib\com\amazonaws\aws-java-sdk-cloudsearch\1.11.509\aws-java-sdk-cloudsearch-1.11.509.jar;C:\Development\JavaDevelopment\lib\com\amazonaws\aws-java-sdk-cloudwatchmetrics\1.11.509\aws-java-sdk-cloudwatchmetrics-1.11.509.jar;C:\Development\JavaDevelopment\lib\com\amazonaws\aws-java-sdk-codedeploy\1.11.509\aws-java-sdk-codedeploy-1.11.509.jar;C:\Development\JavaDevelopment\lib\com\amazonaws\aws-java-sdk-codepipeline\1.11.509\aws-java-sdk-codepipeline-1.11.509.jar;C:\Development\JavaDevelopment\lib\com\amazonaws\aws-java-sdk-kms\1.11.509\aws-java-sdk-kms-1.11.509.jar;C:\Development\JavaDevelopment\lib\com\amazonaws\aws-java-sdk-config\1.11.509\aws-java-sdk-config-1.11.509.jar;C:\Development\JavaDevelopment\lib\com\amazonaws\aws-java-sdk-lambda\1.11.509\aws-java-sdk-lambda-1.11.509.jar;C:\Development\JavaDevelopment\lib\com\amazonaws\aws-java-sdk-ecs\1.11.509\aws-java-sdk-ecs-1.11.509.jar;C:\Development\JavaDevelopment\lib\com\amazonaws\aws-java-sdk-ecr\1.11.509\aws-java-sdk-ecr-1.11.509.jar;C:\Development\JavaDevelopment\lib\com\amazonaws\aws-java-sdk-cloudhsm\1.11.509\aws-java-sdk-cloudhsm-1.11.509.jar;C:\Development\JavaDevelopment\lib\com\amazonaws\aws-java-sdk-ssm\1.11.509\aws-java-sdk-ssm-1.11.509.jar;C:\Development\JavaDevelopment\lib\com\amazonaws\aws-java-sdk-workspaces\1.11.509\aws-java-sdk-workspaces-1.11.509.jar;C:\Development\JavaDevelopment\lib\com\amazonaws\aws-java-sdk-machinelearning\1.11.509\aws-java-sdk-machinelearning-1.11.509.jar;C:\Development\JavaDevelopment\lib\com\amazonaws\aws-java-sdk-directory\1.11.509\aws-java-sdk-directory-1.11.509.jar;C:\Development\JavaDevelopment\lib\com\amazonaws\aws-java-sdk-efs\1.11.509\aws-java-sdk-efs-1.11.509.jar;C:\Development\JavaDevelopment\lib\com\amazonaws\aws-java-sdk-codecommit\1.11.509\aws-java-sdk-codecommit-1.11.509.jar;C:\Development\JavaDevelopment\lib\com\amazonaws\aws-java-sdk-devicefarm\1.11.509\aws-java-sdk-devicefarm-1.11.509.jar;C:\Development\JavaDevelopment\lib\com\amazonaws\aws-java-sdk-elasticsearch\1.11.509\aws-java-sdk-elasticsearch-1.11.509.jar;C:\Development\JavaDevelopment\lib\com\amazonaws\aws-java-sdk-waf\1.11.509\aws-java-sdk-waf-1.11.509.jar;C:\Development\JavaDevelopment\lib\com\amazonaws\aws-java-sdk-marketplacecommerceanalytics\1.11.509\aws-java-sdk-marketplacecommerceanalytics-1.11.509.jar;C:\Development\JavaDevelopment\lib\com\amazonaws\aws-java-sdk-inspector\1.11.509\aws-java-sdk-inspector-1.11.509.jar;C:\Development\JavaDevelopment\lib\com\amazonaws\aws-java-sdk-iot\1.11.509\aws-java-sdk-iot-1.11.509.jar;C:\Development\JavaDevelopment\lib\com\amazonaws\aws-java-sdk-api-gateway\1.11.509\aws-java-sdk-api-gateway-1.11.509.jar;C:\Development\JavaDevelopment\lib\com\amazonaws\aws-java-sdk-acm\1.11.509\aws-java-sdk-acm-1.11.509.jar;C:\Development\JavaDevelopment\lib\com\amazonaws\aws-java-sdk-gamelift\1.11.509\aws-java-sdk-gamelift-1.11.509.jar;C:\Development\JavaDevelopment\lib\com\amazonaws\aws-java-sdk-dms\1.11.509\aws-java-sdk-dms-1.11.509.jar;C:\Development\JavaDevelopment\lib\com\amazonaws\aws-java-sdk-marketplacemeteringservice\1.11.509\aws-java-sdk-marketplacemeteringservice-1.11.509.jar;C:\Development\JavaDevelopment\lib\com\amazonaws\aws-java-sdk-cognitoidp\1.11.509\aws-java-sdk-cognitoidp-1.11.509.jar;C:\Development\JavaDevelopment\lib\com\amazonaws\aws-java-sdk-discovery\1.11.509\aws-java-sdk-discovery-1.11.509.jar;C:\Development\JavaDevelopment\lib\com\amazonaws\aws-java-sdk-applicationautoscaling\1.11.509\aws-java-sdk-applicationautoscaling-1.11.509.jar;C:\Development\JavaDevelopment\lib\com\amazonaws\aws-java-sdk-snowball\1.11.509\aws-java-sdk-snowball-1.11.509.jar;C:\Development\JavaDevelopment\lib\com\amazonaws\aws-java-sdk-rekognition\1.11.509\aws-java-sdk-rekognition-1.11.509.jar;C:\Development\JavaDevelopment\lib\com\amazonaws\aws-java-sdk-polly\1.11.509\aws-java-sdk-polly-1.11.509.jar;C:\Development\JavaDevelopment\lib\com\amazonaws\aws-java-sdk-lightsail\1.11.509\aws-java-sdk-lightsail-1.11.509.jar;C:\Development\JavaDevelopment\lib\com\amazonaws\aws-java-sdk-stepfunctions\1.11.509\aws-java-sdk-stepfunctions-1.11.509.jar;C:\Development\JavaDevelopment\lib\com\amazonaws\aws-java-sdk-health\1.11.509\aws-java-sdk-health-1.11.509.jar;C:\Development\JavaDevelopment\lib\com\amazonaws\aws-java-sdk-costandusagereport\1.11.509\aws-java-sdk-costandusagereport-1.11.509.jar;C:\Development\JavaDevelopment\lib\com\amazonaws\aws-java-sdk-codebuild\1.11.509\aws-java-sdk-codebuild-1.11.509.jar;C:\Development\JavaDevelopment\lib\com\amazonaws\aws-java-sdk-appstream\1.11.509\aws-java-sdk-appstream-1.11.509.jar;C:\Development\JavaDevelopment\lib\com\amazonaws\aws-java-sdk-shield\1.11.509\aws-java-sdk-shield-1.11.509.jar;C:\Development\JavaDevelopment\lib\com\amazonaws\aws-java-sdk-batch\1.11.509\aws-java-sdk-batch-1.11.509.jar;C:\Development\JavaDevelopment\lib\com\amazonaws\aws-java-sdk-lex\1.11.509\aws-java-sdk-lex-1.11.509.jar;C:\Development\JavaDevelopment\lib\com\amazonaws\aws-java-sdk-mechanicalturkrequester\1.11.509\aws-java-sdk-mechanicalturkrequester-1.11.509.jar;C:\Development\JavaDevelopment\lib\com\amazonaws\aws-java-sdk-organizations\1.11.509\aws-java-sdk-organizations-1.11.509.jar;C:\Development\JavaDevelopment\lib\com\amazonaws\aws-java-sdk-workdocs\1.11.509\aws-java-sdk-workdocs-1.11.509.jar;C:\Development\JavaDevelopment\lib\com\amazonaws\aws-java-sdk-core\1.11.509\aws-java-sdk-core-1.11.509.jar;C:\Development\JavaDevelopment\lib\software\amazon\ion\ion-java\1.0.2\ion-java-1.0.2.jar;C:\Development\JavaDevelopment\lib\com\fasterxml\jackson\core\jackson-databind\2.6.7.2\jackson-databind-2.6.7.2.jar;C:\Development\JavaDevelopment\lib\com\fasterxml\jackson\core\jackson-annotations\2.6.0\jackson-annotations-2.6.0.jar;C:\Development\JavaDevelopment\lib\com\fasterxml\jackson\core\jackson-core\2.6.7\jackson-core-2.6.7.jar;C:\Development\JavaDevelopment\lib\com\fasterxml\jackson\dataformat\jackson-dataformat-cbor\2.6.7\jackson-dataformat-cbor-2.6.7.jar;C:\Development\JavaDevelopment\lib\com\amazonaws\aws-java-sdk-models\1.11.509\aws-java-sdk-models-1.11.509.jar;C:\Development\JavaDevelopment\lib\com\amazonaws\aws-java-sdk-swf-libraries\1.11.22\aws-java-sdk-swf-libraries-1.11.22.jar;C:\Development\JavaDevelopment\lib\org\apache\maven\surefire\surefire-testng-utils\2.22.0\surefire-testng-utils-2.22.0.jar;C:\Development\JavaDevelopment\lib\org\apache\maven\surefire\surefire-grouper\2.22.0\surefire-grouper-2.22.0.jar;"/>
    <property name="sun.cpu.endian" value="little"/>
    <property name="user.home" value="C:\Users\Scott"/>
    <property name="user.language" value="en"/>
    <property name="java.specification.vendor" value="Oracle Corporation"/>
    <property name="java.home" value="C:\Program Files\Java\jdk1.8.0_191\jre"/>
    <property name="basedir" value="C:\Development\SQSTest"/>
    <property name="file.separator" value="\"/>
    <property name="line.separator" value="&#10;"/>
    <property name="java.vm.specification.vendor" value="Oracle Corporation"/>
    <property name="java.specification.name" value="Java Platform API Specification"/>
    <property name="java.awt.graphicsenv" value="sun.awt.Win32GraphicsEnvironment"/>
    <property name="surefire.real.class.path" value="C:\Users\Scott\AppData\Local\Temp\surefire7977636207795438208\surefirebooter3363707948904002875.jar"/>
    <property name="sun.boot.class.path" value="C:\Program Files\Java\jdk1.8.0_191\jre\lib\resources.jar;C:\Program Files\Java\jdk1.8.0_191\jre\lib\rt.jar;C:\Program Files\Java\jdk1.8.0_191\jre\lib\sunrsasign.jar;C:\Program Files\Java\jdk1.8.0_191\jre\lib\jsse.jar;C:\Program Files\Java\jdk1.8.0_191\jre\lib\jce.jar;C:\Program Files\Java\jdk1.8.0_191\jre\lib\charsets.jar;C:\Program Files\Java\jdk1.8.0_191\jre\lib\jfr.jar;C:\Program Files\Java\jdk1.8.0_191\jre\classes"/>
    <property name="user.script" value=""/>
    <property name="sun.management.compiler" value="HotSpot 64-Bit Tiered Compilers"/>
    <property name="java.runtime.version" value="1.8.0_191-b12"/>
    <property name="user.name" value="Scott"/>
    <property name="path.separator" value=";"/>
    <property name="os.version" value="10.0"/>
    <property name="java.endorsed.dirs" value="C:\Program Files\Java\jdk1.8.0_191\jre\lib\endorsed"/>
    <property name="java.runtime.name" value="Java(TM) SE Runtime Environment"/>
    <property name="file.encoding" value="Cp1252"/>
    <property name="java.vm.name" value="Java HotSpot(TM) 64-Bit Server VM"/>
    <property name="localRepository" value="C:\Development\JavaDevelopment\lib"/>
    <property name="java.vendor.url.bug" value="http://bugreport.sun.com/bugreport/"/>
    <property name="java.io.tmpdir" value="C:\Users\Scott\AppData\Local\Temp\"/>
    <property name="java.version" value="1.8.0_191"/>
    <property name="user.dir" value="C:\Development\SQSTest"/>
    <property name="os.arch" value="amd64"/>
    <property name="java.vm.specification.name" value="Java Virtual Machine Specification"/>
    <property name="java.awt.printerjob" value="sun.awt.windows.WPrinterJob"/>
    <property name="sun.os.patch.level" value=""/>
    <property name="java.library.path" value="C:\Program Files\Java\jdk1.8.0_191\jre\bin;C:\WINDOWS\Sun\Java\bin;C:\WINDOWS\system32;C:\WINDOWS;C:\Program Files (x86)\Intel\Intel(R) Management Engine Components\iCLS\;C:\Program Files\Intel\Intel(R) Management Engine Components\iCLS\;C:\Windows\system32;C:\Windows;C:\Windows\System32\Wbem;C:\Windows\System32\WindowsPowerShell\v1.0\;C:\Program Files (x86)\NVIDIA Corporation\PhysX\Common;C:\WINDOWS\system32;C:\WINDOWS;C:\WINDOWS\System32\Wbem;C:\WINDOWS\System32\WindowsPowerShell\v1.0\;C:\WINDOWS\System32\OpenSSH\;C:\Program Files (x86)\Intel\Intel(R) Management Engine Components\DAL;C:\Program Files\Intel\Intel(R) Management Engine Components\DAL;C:\Program Files (x86)\Intel\Intel(R) Management Engine Components\IPT;C:\Program Files\Intel\Intel(R) Management Engine Components\IPT;C:\Development\apache-maven-3.6.0-bin\apache-maven-3.6.0\bin;C:\Program Files\Java\jdk1.8.0_191\bin;C:\Program Files\Git\cmd;C:\Users\Scott\AppData\Local\Microsoft\WindowsApps;;."/>
    <property name="java.vm.info" value="mixed mode"/>
    <property name="java.vendor" value="Oracle Corporation"/>
    <property name="java.vm.version" value="25.191-b12"/>
    <property name="java.ext.dirs" value="C:\Program Files\Java\jdk1.8.0_191\jre\lib\ext;C:\WINDOWS\Sun\Java\lib\ext"/>
    <property name="sun.io.unicode.encoding" value="UnicodeLittle"/>
    <property name="java.class.version" value="52.0"/>
  </properties>
  <testcase name="testSingleMessage_send_receive" classname="com.automation.test.SQSTest" time="0.022"/>
  <testcase name="testSingleMessage_send_receive_delay" classname="com.automation.test.SQSTest" time="6.029"/>
  <testcase name="testSingleMessage_send_receive_delay_without_wait" classname="com.automation.test.SQSTest" time="0.031"/>
  <testcase name="testSendBatchMessages" classname="com.automation.test.SQSTest" time="0.162"/>
  <testcase name="testSendMultipleMessages" classname="com.automation.test.SQSTest" time="0.233"/>
  <testcase name="multi_thread_connection_sending" classname="com.automation.test.SQSTest" time="0.166"/>
</testsuite>