<?xml version="1.0" encoding="UTF-8"?>
<!-- Generated by org.testng.reporters.JUnitReportReporter -->
<testsuite skipped="0" hostname="DESKTOP-CK4TRLN" name="com.automation.test.SQSTest" tests="6" failures="0" timestamp="03 Mar 2019 06:55:10 GMT" time="7.134" errors="0">
  <testcase name="testSingleMessage_send_receive_delay_without_wait" time="0.016" classname="com.automation.test.SQSTest"/>
  <testcase name="testSingleMessage_send_receive" time="0.038" classname="com.automation.test.SQSTest"/>
  <testcase name="multi_thread_connection_sending" time="0.460" classname="com.automation.test.SQSTest"/>
  <testcase name="testSendBatchMessages" time="0.090" classname="com.automation.test.SQSTest"/>
  <testcase name="testSingleMessage_send_receive_delay" time="6.042" classname="com.automation.test.SQSTest"/>
  <testcase name="testSendMultipleMessages" time="0.488" classname="com.automation.test.SQSTest"/>
</testsuite> <!-- com.automation.test.SQSTest -->
